INFO autoreload Watching for file changes with StatReloader
INFO basehttp "GET /admin/ HTTP/1.1" 200 10055
INFO basehttp "GET /admin/ HTTP/1.1" 200 10055
INFO basehttp "GET /admin/home/place/ HTTP/1.1" 200 11096
INFO basehttp "GET /admin/jsi18n/ HTTP/1.1" 200 3342
INFO basehttp "GET /admin/home/place/7/change/ HTTP/1.1" 200 22049
INFO basehttp "GET /admin/jsi18n/ HTTP/1.1" 200 3342
INFO basehttp "POST /admin/home/place/7/change/ HTTP/1.1" 302 0
INFO basehttp "GET /admin/home/place/ HTTP/1.1" 200 11293
INFO basehttp "GET /admin/jsi18n/ HTTP/1.1" 200 3342
INFO basehttp "GET /admin/home/place/1/change/ HTTP/1.1" 200 20229
INFO basehttp "GET /admin/jsi18n/ HTTP/1.1" 200 3342
INFO basehttp "POST /admin/home/place/1/change/ HTTP/1.1" 302 0
INFO basehttp "GET /admin/home/place/ HTTP/1.1" 200 11297
INFO basehttp "GET /admin/jsi18n/ HTTP/1.1" 200 3342
INFO basehttp "GET /admin/home/place/2/change/ HTTP/1.1" 200 22095
INFO basehttp "GET /admin/jsi18n/ HTTP/1.1" 200 3342
INFO basehttp "POST /admin/home/place/2/change/ HTTP/1.1" 302 0
INFO basehttp "GET /admin/home/place/ HTTP/1.1" 200 11300
INFO basehttp "GET /admin/jsi18n/ HTTP/1.1" 200 3342
INFO basehttp "GET /admin/home/place/3/change/ HTTP/1.1" 200 22101
INFO basehttp "GET /admin/jsi18n/ HTTP/1.1" 200 3342
INFO basehttp "POST /admin/home/place/3/change/ HTTP/1.1" 302 0
INFO basehttp "GET /admin/home/place/ HTTP/1.1" 200 11295
INFO basehttp "GET /admin/jsi18n/ HTTP/1.1" 200 3342
INFO basehttp "GET /admin/home/place/4/change/ HTTP/1.1" 200 22170
INFO basehttp "GET /admin/jsi18n/ HTTP/1.1" 200 3342
INFO basehttp "POST /admin/home/place/4/change/ HTTP/1.1" 302 0
INFO basehttp "GET /admin/home/place/ HTTP/1.1" 200 11297
INFO basehttp "GET /admin/jsi18n/ HTTP/1.1" 200 3342
INFO basehttp "GET /admin/home/place/5/change/ HTTP/1.1" 200 22063
INFO basehttp "GET /admin/jsi18n/ HTTP/1.1" 200 3342
INFO basehttp "POST /admin/home/place/5/change/ HTTP/1.1" 302 0
INFO basehttp "GET /admin/home/place/ HTTP/1.1" 200 11295
INFO basehttp "GET /admin/jsi18n/ HTTP/1.1" 200 3342
INFO basehttp "GET /admin/home/place/6/change/ HTTP/1.1" 200 22045
INFO basehttp "GET /admin/jsi18n/ HTTP/1.1" 200 3342
INFO basehttp "POST /admin/home/place/6/change/ HTTP/1.1" 302 0
INFO basehttp "GET /admin/home/place/ HTTP/1.1" 200 11297
INFO basehttp "GET /admin/jsi18n/ HTTP/1.1" 200 3342
INFO basehttp "GET /admin/home/place/7/change/ HTTP/1.1" 200 22058
INFO basehttp "GET /admin/jsi18n/ HTTP/1.1" 200 3342
INFO basehttp "POST /admin/home/place/7/change/ HTTP/1.1" 302 0
INFO basehttp "GET /admin/home/place/ HTTP/1.1" 200 11293
INFO basehttp "GET /admin/jsi18n/ HTTP/1.1" 200 3342
INFO basehttp "GET / HTTP/1.1" 200 59230
INFO autoreload C:\Users\MOHAMMAD\Desktop\django projects\Tourism\home\views.py changed, reloading.
INFO autoreload Watching for file changes with StatReloader
INFO autoreload C:\Users\MOHAMMAD\Desktop\django projects\Tourism\home\views.py changed, reloading.
INFO autoreload Watching for file changes with StatReloader
INFO autoreload C:\Users\MOHAMMAD\Desktop\django projects\Tourism\home\views.py changed, reloading.
INFO autoreload Watching for file changes with StatReloader
INFO autoreload C:\Users\MOHAMMAD\Desktop\django projects\Tourism\home\views.py changed, reloading.
INFO autoreload Watching for file changes with StatReloader
INFO basehttp "POST /places/1/ HTTP/1.1" 200 15368
